<?xml version="1.0" encoding="UTF-8"?>
<!-- Generated by org.testng.reporters.JUnitReportReporter -->
<testsuite hostname="DESKTOP-BTQD3VQ" failures="0" tests="1" name="Face.FaceginieTest" time="24.931" errors="0" timestamp="2023-02-25T12:59:14 IST" skipped="0">
  <testcase classname="Face.FaceginieTest" name="mainTest" time="24.931"/>
  <system-out/>
</testsuite> <!-- Face.FaceginieTest -->
